Copyright 1986-2014 Xilinx, Inc. All Rights Reserved.
-------------------------------------------------------------------------------------------------------------------------------
| Tool Version     : Vivado v.2014.4 (win64) Build 1071353 Tue Nov 18 18:29:27 MST 2014
| Date             : Thu Feb 12 11:15:57 2015
| Host             : AnjosiLenovo-PC running 64-bit major release  (build 9200)
| Command          : report_power -file design_1_wrapper_power_routed.rpt -pb design_1_wrapper_power_summary_routed.pb
| Design           : design_1_wrapper
| Device           : xc7z020clg484-1
| Design State     : Routed
| Grade            : commercial
| Process          : typical
| Characterization : Production
-------------------------------------------------------------------------------------------------------------------------------

Power Report

Table of Contents
-----------------
1. Summary
1.1 On-Chip Components
1.2 Power Supply Summary
1.3 Confidence Level
2. Settings
2.1 Environment
2.2 Clock Constraints
3. Detailed Reports
3.1 By Hierarchy

1. Summary
----------

+--------------------------+-------+
| Total On-Chip Power (W)  | 1.707 |
| Dynamic (W)              | 1.547 |
| Device Static (W)        | 0.161 |
| Effective TJA (C/W)      | 11.5  |
| Max Ambient (C)          | 65.3  |
| Junction Temperature (C) | 44.7  |
| Confidence Level         | Low   |
| Setting File             | ---   |
| Simulation Activity File | ---   |
| Design Nets Matched      | NA    |
+--------------------------+-------+


1.1 On-Chip Components
----------------------

+--------------------------+-----------+----------+-----------+-----------------+
| On-Chip                  | Power (W) | Used     | Available | Utilization (%) |
+--------------------------+-----------+----------+-----------+-----------------+
| Clocks                   |     0.009 |        4 |       --- |             --- |
| Slice Logic              |     0.004 |     8814 |       --- |             --- |
|   LUT as Logic           |     0.003 |     3128 |     53200 |            5.87 |
|   Register               |    <0.001 |     3894 |    106400 |            3.65 |
|   CARRY4                 |    <0.001 |      165 |     13300 |            1.24 |
|   LUT as Distributed RAM |    <0.001 |      184 |     17400 |            1.05 |
|   F7/F8 Muxes            |    <0.001 |      132 |     53200 |            0.24 |
|   LUT as Shift Register  |    <0.001 |      300 |     17400 |            1.72 |
|   Others                 |     0.000 |      439 |       --- |             --- |
| Signals                  |     0.005 |     6239 |       --- |             --- |
| Block RAM                |     0.004 |      5.5 |       140 |            3.92 |
| DSPs                     |     0.004 |       10 |       220 |            4.54 |
| I/O                      |    <0.001 |       13 |       200 |            6.50 |
| PS7                      |     1.520 |        1 |       --- |             --- |
| Static Power             |     0.161 |          |           |                 |
| Total                    |     1.707 |          |           |                 |
+--------------------------+-----------+----------+-----------+-----------------+


1.2 Power Supply Summary
------------------------

+-----------+-------------+-----------+-------------+------------+
| Source    | Voltage (V) | Total (A) | Dynamic (A) | Static (A) |
+-----------+-------------+-----------+-------------+------------+
| Vccint    |       1.000 |     0.042 |       0.026 |      0.015 |
| Vccaux    |       1.800 |     0.021 |       0.000 |      0.021 |
| Vcco33    |       3.300 |     0.001 |       0.000 |      0.001 |
| Vcco25    |       2.500 |     0.001 |       0.000 |      0.001 |
| Vcco18    |       1.800 |     0.001 |       0.000 |      0.001 |
| Vcco15    |       1.500 |     0.001 |       0.000 |      0.001 |
| Vcco135   |       1.350 |     0.000 |       0.000 |      0.000 |
| Vcco12    |       1.200 |     0.000 |       0.000 |      0.000 |
| Vccaux_io |       1.800 |     0.000 |       0.000 |      0.000 |
| Vccbram   |       1.000 |     0.002 |       0.000 |      0.001 |
| MGTAVcc   |       1.000 |     0.000 |       0.000 |      0.000 |
| MGTAVtt   |       1.200 |     0.000 |       0.000 |      0.000 |
| MGTVccaux |       1.800 |     0.000 |       0.000 |      0.000 |
| Vccpint   |       1.000 |     0.745 |       0.715 |      0.030 |
| Vccpaux   |       1.800 |     0.061 |       0.050 |      0.010 |
| Vccpll    |       1.800 |     0.016 |       0.013 |      0.003 |
| Vcco_ddr  |       1.500 |     0.459 |       0.457 |      0.002 |
| Vcco_mio0 |       3.300 |     0.003 |       0.002 |      0.001 |
| Vcco_mio1 |       1.800 |     0.001 |       0.000 |      0.001 |
| Vccadc    |       1.800 |     0.020 |       0.000 |      0.020 |
+-----------+-------------+-----------+-------------+------------+


1.3 Confidence Level
--------------------

+-----------------------------+------------+--------------------------------------------------------+------------------------------------------------------------------------------------------------------------+
| User Input Data             | Confidence | Details                                                | Action                                                                                                     |
+-----------------------------+------------+--------------------------------------------------------+------------------------------------------------------------------------------------------------------------+
| Design implementation state | High       | Design is routed                                       |                                                                                                            |
| Clock nodes activity        | High       | User specified more than 95% of clocks                 |                                                                                                            |
| I/O nodes activity          | Low        | More than 75% of inputs are missing user specification | Provide missing input activity with simulation results or by editing the "By Resource Type -> I/Os" view   |
| Internal nodes activity     | Medium     | User specified less than 25% of internal nodes         | Provide missing internal nodes activity with simulation results or by editing the "By Resource Type" views |
| Device models               | High       | Device models are Production                           |                                                                                                            |
|                             |            |                                                        |                                                                                                            |
| Overall confidence level    | Low        |                                                        |                                                                                                            |
+-----------------------------+------------+--------------------------------------------------------+------------------------------------------------------------------------------------------------------------+


2. Settings
-----------

2.1 Environment
---------------

+-----------------------+------------------------+
| Ambient Temp (C)      | 25.0                   |
| ThetaJA (C/W)         | 11.5                   |
| Airflow (LFM)         | 250                    |
| Heat Sink             | none                   |
| ThetaSA (C/W)         | 0.0                    |
| Board Selection       | medium (10"x10")       |
| # of Board Layers     | 8to11 (8 to 11 Layers) |
| Board Temperature (C) | 25.0                   |
+-----------------------+------------------------+


2.2 Clock Constraints
---------------------

+------------+-------------------------------------------------------------+-----------------+
| Clock      | Domain                                                      | Constraint (ns) |
+------------+-------------------------------------------------------------+-----------------+
| clk_fpga_0 | design_1_i/processing_system7_0/inst/FCLK_CLK_unbuffered[0] |            20.0 |
+------------+-------------------------------------------------------------+-----------------+


3. Detailed Reports
-------------------

3.1 By Hierarchy
----------------

+-----------------------------------------------------------------------------------------------------------------------+-----------+
| Name                                                                                                                  | Power (W) |
+-----------------------------------------------------------------------------------------------------------------------+-----------+
| design_1_wrapper                                                                                                      |     1.547 |
|   design_1_i                                                                                                          |     1.546 |
|     ECG_Unit_0                                                                                                        |     0.008 |
|       U0                                                                                                              |     0.008 |
|         ECG_Unit_v1_0_M00_AXIS_inst                                                                                   |    <0.001 |
|           samples_out                                                                                                 |    <0.001 |
|             FIFO_GEN[0].stream_data_fifo_reg_0_15_0_5                                                                 |    <0.001 |
|             FIFO_GEN[0].stream_data_fifo_reg_0_15_6_7                                                                 |    <0.001 |
|             FIFO_GEN[1].stream_data_fifo_reg_0_15_0_5                                                                 |    <0.001 |
|             FIFO_GEN[1].stream_data_fifo_reg_0_15_6_7                                                                 |    <0.001 |
|             FIFO_GEN[2].stream_data_fifo_reg_0_15_0_5                                                                 |    <0.001 |
|             FIFO_GEN[2].stream_data_fifo_reg_0_15_6_7                                                                 |    <0.001 |
|             FIFO_GEN[3].stream_data_fifo_reg_0_15_0_5                                                                 |    <0.001 |
|             FIFO_GEN[3].stream_data_fifo_reg_0_15_6_7                                                                 |    <0.001 |
|         ECG_Unit_v1_0_S00_AXIS_inst                                                                                   |    <0.001 |
|           samples_in                                                                                                  |    <0.001 |
|             FIFO_GEN[0].stream_data_fifo_reg_0_15_0_5                                                                 |    <0.001 |
|             FIFO_GEN[0].stream_data_fifo_reg_0_15_6_7                                                                 |    <0.001 |
|             FIFO_GEN[1].stream_data_fifo_reg_0_15_0_5                                                                 |    <0.001 |
|             FIFO_GEN[1].stream_data_fifo_reg_0_15_6_7                                                                 |    <0.001 |
|             FIFO_GEN[2].stream_data_fifo_reg_0_15_0_5                                                                 |    <0.001 |
|             FIFO_GEN[2].stream_data_fifo_reg_0_15_6_7                                                                 |    <0.001 |
|             FIFO_GEN[3].stream_data_fifo_reg_0_15_0_5                                                                 |    <0.001 |
|             FIFO_GEN[3].stream_data_fifo_reg_0_15_6_7                                                                 |    <0.001 |
|         ECG_Unit_v1_0_S00_AXI_inst                                                                                    |     0.004 |
|         square                                                                                                        |     0.003 |
|     axi_gpio_0                                                                                                        |    <0.001 |
|       U0                                                                                                              |    <0.001 |
|         AXI_LITE_IPIF_I                                                                                               |    <0.001 |
|           I_SLAVE_ATTACHMENT                                                                                          |    <0.001 |
|             I_DECODER                                                                                                 |    <0.001 |
|         INTR_CTRLR_GEN.INTERRUPT_CONTROL_I                                                                            |    <0.001 |
|         gpio_core_1                                                                                                   |    <0.001 |
|           Dual.INPUT_DOUBLE_REGS5                                                                                     |    <0.001 |
|     bandPass_fir_0                                                                                                    |     0.006 |
|       U0                                                                                                              |     0.006 |
|         i_synth                                                                                                       |     0.006 |
|           g_single_rate.i_single_rate                                                                                 |     0.006 |
|             g_m_data_chan_fifo.i_m_data_chan_fifo                                                                     |    <0.001 |
|               fifo0                                                                                                   |    <0.001 |
|             g_op_paths[0].g_combine.i_ext_mult                                                                        |    <0.001 |
|               g_two_col_comb.i_gen_upper_bits                                                                         |    <0.001 |
|                 i_add_accum                                                                                           |    <0.001 |
|             g_s_data_chan_fifo.i_s_data_chan_fifo                                                                     |    <0.001 |
|               fifo0                                                                                                   |    <0.001 |
|             g_semi_parallel_and_smac.g_cntrl_signals[3].i_delay                                                       |    <0.001 |
|             g_semi_parallel_and_smac.g_cntrl_signals[7].i_delay                                                       |    <0.001 |
|             g_semi_parallel_and_smac.g_cntrl_signals[8].i_delay                                                       |    <0.001 |
|             g_semi_parallel_and_smac.g_paths[0].g_data_array.g_madd[0].g_coln_cntrl_and_addr[0].i_coln_cntrl_and_addr |     0.000 |
|             g_semi_parallel_and_smac.g_paths[0].g_data_array.g_madd[0].g_wrap_buff.i_data_wrap_buff                   |    <0.001 |
|               g_buff.i_buff                                                                                           |    <0.001 |
|             g_semi_parallel_and_smac.g_paths[0].g_mem_array[0].i_mem                                                  |     0.001 |
|               g_individual.g_mem_b.i_mem_b                                                                            |    <0.001 |
|               g_individual.i_mem_a                                                                                    |    <0.001 |
|             g_semi_parallel_and_smac.g_paths[0].g_mem_array[1].i_mem                                                  |    <0.001 |
|               g_individual.i_mem_a                                                                                    |    <0.001 |
|             g_semi_parallel_and_smac.g_paths[0].g_smac.i_maccum                                                       |    <0.001 |
|               i_addsub_mult_accum                                                                                     |    <0.001 |
|             g_semi_parallel_and_smac.g_paths[1].g_data_array.g_madd[0].g_wrap_buff.i_data_wrap_buff                   |    <0.001 |
|               g_buff.i_buff                                                                                           |    <0.001 |
|             g_semi_parallel_and_smac.g_paths[1].g_mem_array[0].i_mem                                                  |     0.001 |
|               g_individual.g_mem_b.i_mem_b                                                                            |    <0.001 |
|               g_individual.i_mem_a                                                                                    |    <0.001 |
|             g_semi_parallel_and_smac.g_paths[1].g_smac.i_maccum                                                       |    <0.001 |
|               i_addsub_mult_accum                                                                                     |    <0.001 |
|             g_semi_parallel_and_smac.g_tuser_dly.i_tuser_dly                                                          |    <0.001 |
|             g_semi_parallel_and_smac.i_accumulate                                                                     |    <0.001 |
|             g_semi_parallel_and_smac.i_cntrl_coef_addr                                                                |    <0.001 |
|             g_semi_parallel_and_smac.i_data_in                                                                        |    <0.001 |
|             g_semi_parallel_and_smac.i_latch_op                                                                       |    <0.001 |
|             g_semi_parallel_and_smac.i_load                                                                           |    <0.001 |
|     broadcast_signal_0                                                                                                |    <0.001 |
|       inst                                                                                                            |    <0.001 |
|         broadcaster_core                                                                                              |    <0.001 |
|     difference_signal_0                                                                                               |     0.002 |
|       U0                                                                                                              |     0.002 |
|         COMP_IPIC2AXI_S                                                                                               |     0.002 |
|           grxd.COMP_RX_FIFO                                                                                           |     0.001 |
|             gfifo_gen.COMP_AXIS_FG_FIFO                                                                               |     0.001 |
|               COMP_FIFO                                                                                               |     0.001 |
|                 inst_fifo_gen                                                                                         |     0.001 |
|                   gaxis_fifo.gaxisf.axisf                                                                             |     0.001 |
|                     grf.rf                                                                                            |     0.001 |
|                       gntv_or_sync_fifo.gl0.rd                                                                        |    <0.001 |
|                         gr1.gdcf.dc                                                                                   |    <0.001 |
|                           dc                                                                                          |    <0.001 |
|                         gr1.rfwft                                                                                     |    <0.001 |
|                         grss.gpe.rdpe                                                                                 |    <0.001 |
|                         grss.rsts                                                                                     |    <0.001 |
|                           c1                                                                                          |     0.000 |
|                           c2                                                                                          |    <0.001 |
|                         rpntr                                                                                         |    <0.001 |
|                       gntv_or_sync_fifo.gl0.wr                                                                        |    <0.001 |
|                         gwss.gpf.wrpf                                                                                 |    <0.001 |
|                         gwss.wsts                                                                                     |    <0.001 |
|                           c0                                                                                          |    <0.001 |
|                           c1                                                                                          |    <0.001 |
|                         wpntr                                                                                         |    <0.001 |
|                       gntv_or_sync_fifo.mem                                                                           |    <0.001 |
|                         gbm.gbmg.gbmga.ngecc.bmg                                                                      |    <0.001 |
|                           inst_blk_mem_gen                                                                            |    <0.001 |
|                             gnativebmg.native_blk_mem_gen                                                             |    <0.001 |
|                               valid.cstr                                                                              |    <0.001 |
|                                 ramloop[0].ram.r                                                                      |    <0.001 |
|                                   prim_noinit.ram                                                                     |    <0.001 |
|                       rstblk                                                                                          |    <0.001 |
|           grxd.COMP_rx_len_fifo                                                                                       |    <0.001 |
|             FAMILY_SUPPORTED.I_SYNC_FIFO_BRAM                                                                         |    <0.001 |
|               inst_fifo_gen                                                                                           |    <0.001 |
|                 gconvfifo.rf                                                                                          |    <0.001 |
|                   grf.rf                                                                                              |    <0.001 |
|                     gntv_or_sync_fifo.gl0.rd                                                                          |    <0.001 |
|                       gr1.rfwft                                                                                       |    <0.001 |
|                       grss.rsts                                                                                       |    <0.001 |
|                       rpntr                                                                                           |    <0.001 |
|                     gntv_or_sync_fifo.gl0.wr                                                                          |    <0.001 |
|                       gwss.wsts                                                                                       |    <0.001 |
|                       wpntr                                                                                           |    <0.001 |
|                     gntv_or_sync_fifo.mem                                                                             |    <0.001 |
|                       gdm.dm                                                                                          |    <0.001 |
|                         RAM_reg_0_63_0_2                                                                              |    <0.001 |
|                         RAM_reg_0_63_12_14                                                                            |    <0.001 |
|                         RAM_reg_0_63_15_17                                                                            |    <0.001 |
|                         RAM_reg_0_63_18_20                                                                            |    <0.001 |
|                         RAM_reg_0_63_21_21                                                                            |    <0.001 |
|                         RAM_reg_0_63_3_5                                                                              |    <0.001 |
|                         RAM_reg_0_63_6_8                                                                              |    <0.001 |
|                         RAM_reg_0_63_9_11                                                                             |    <0.001 |
|                         RAM_reg_64_127_0_2                                                                            |    <0.001 |
|                         RAM_reg_64_127_12_14                                                                          |    <0.001 |
|                         RAM_reg_64_127_15_17                                                                          |    <0.001 |
|                         RAM_reg_64_127_18_20                                                                          |    <0.001 |
|                         RAM_reg_64_127_21_21                                                                          |    <0.001 |
|                         RAM_reg_64_127_3_5                                                                            |    <0.001 |
|                         RAM_reg_64_127_6_8                                                                            |    <0.001 |
|                         RAM_reg_64_127_9_11                                                                           |    <0.001 |
|         COMP_IPIF                                                                                                     |    <0.001 |
|           I_SLAVE_ATTACHMENT                                                                                          |    <0.001 |
|             I_DECODER                                                                                                 |    <0.001 |
|     differentiator_fir_0                                                                                              |     0.003 |
|       U0                                                                                                              |     0.003 |
|         i_synth                                                                                                       |     0.003 |
|           g_single_rate.i_single_rate                                                                                 |     0.003 |
|             g_m_data_chan_fifo.i_m_data_chan_fifo                                                                     |    <0.001 |
|               fifo0                                                                                                   |    <0.001 |
|             g_op_paths[0].g_combine.i_ext_mult                                                                        |    <0.001 |
|               g_two_col_comb.i_gen_upper_bits                                                                         |    <0.001 |
|                 i_add_accum                                                                                           |    <0.001 |
|             g_s_data_chan_fifo.i_s_data_chan_fifo                                                                     |    <0.001 |
|               fifo0                                                                                                   |    <0.001 |
|             g_semi_parallel_and_smac.g_cntrl_signals[7].i_delay                                                       |    <0.001 |
|             g_semi_parallel_and_smac.g_cntrl_signals[9].i_delay                                                       |    <0.001 |
|             g_semi_parallel_and_smac.g_paths[0].g_data_array.g_madd[0].g_coln_cntrl_and_addr[0].i_coln_cntrl_and_addr |     0.000 |
|             g_semi_parallel_and_smac.g_paths[0].g_data_array.g_madd[0].g_wrap_buff.i_data_wrap_buff                   |    <0.001 |
|               g_buff.i_buff                                                                                           |    <0.001 |
|             g_semi_parallel_and_smac.g_paths[0].g_mem_array[0].i_mem                                                  |    <0.001 |
|               g_individual.g_mem_b.i_mem_b                                                                            |    <0.001 |
|               g_individual.i_mem_a                                                                                    |    <0.001 |
|             g_semi_parallel_and_smac.g_paths[0].g_mem_array[1].i_mem                                                  |    <0.001 |
|               g_individual.i_mem_a                                                                                    |    <0.001 |
|             g_semi_parallel_and_smac.g_paths[0].g_smac.i_maccum                                                       |    <0.001 |
|               i_addsub_mult_accum                                                                                     |    <0.001 |
|             g_semi_parallel_and_smac.g_paths[1].g_data_array.g_madd[0].g_wrap_buff.i_data_wrap_buff                   |    <0.001 |
|               g_buff.i_buff                                                                                           |    <0.001 |
|             g_semi_parallel_and_smac.g_paths[1].g_mem_array[0].i_mem                                                  |    <0.001 |
|               g_individual.g_mem_b.i_mem_b                                                                            |    <0.001 |
|               g_individual.i_mem_a                                                                                    |    <0.001 |
|             g_semi_parallel_and_smac.g_paths[1].g_smac.i_maccum                                                       |    <0.001 |
|               i_addsub_mult_accum                                                                                     |    <0.001 |
|             g_semi_parallel_and_smac.g_tuser_dly.i_tuser_dly                                                          |    <0.001 |
|             g_semi_parallel_and_smac.i_accumulate                                                                     |    <0.001 |
|             g_semi_parallel_and_smac.i_cntrl_coef_addr                                                                |    <0.001 |
|             g_semi_parallel_and_smac.i_latch_op                                                                       |    <0.001 |
|             g_semi_parallel_and_smac.i_load                                                                           |    <0.001 |
|     noise_free_signal_0                                                                                               |     0.002 |
|       U0                                                                                                              |     0.002 |
|         COMP_IPIC2AXI_S                                                                                               |     0.002 |
|           grxd.COMP_RX_FIFO                                                                                           |     0.001 |
|             gfifo_gen.COMP_AXIS_FG_FIFO                                                                               |     0.001 |
|               COMP_FIFO                                                                                               |     0.001 |
|                 inst_fifo_gen                                                                                         |     0.001 |
|                   gaxis_fifo.gaxisf.axisf                                                                             |     0.001 |
|                     grf.rf                                                                                            |     0.001 |
|                       gntv_or_sync_fifo.gl0.rd                                                                        |    <0.001 |
|                         gr1.gdcf.dc                                                                                   |    <0.001 |
|                           dc                                                                                          |    <0.001 |
|                         gr1.rfwft                                                                                     |    <0.001 |
|                         grss.gpe.rdpe                                                                                 |    <0.001 |
|                         grss.rsts                                                                                     |    <0.001 |
|                           c1                                                                                          |     0.000 |
|                           c2                                                                                          |    <0.001 |
|                         rpntr                                                                                         |    <0.001 |
|                       gntv_or_sync_fifo.gl0.wr                                                                        |    <0.001 |
|                         gwss.gpf.wrpf                                                                                 |    <0.001 |
|                         gwss.wsts                                                                                     |    <0.001 |
|                           c0                                                                                          |    <0.001 |
|                           c1                                                                                          |    <0.001 |
|                         wpntr                                                                                         |    <0.001 |
|                       gntv_or_sync_fifo.mem                                                                           |    <0.001 |
|                         gbm.gbmg.gbmga.ngecc.bmg                                                                      |    <0.001 |
|                           inst_blk_mem_gen                                                                            |    <0.001 |
|                             gnativebmg.native_blk_mem_gen                                                             |    <0.001 |
|                               valid.cstr                                                                              |    <0.001 |
|                                 ramloop[0].ram.r                                                                      |    <0.001 |
|                                   prim_noinit.ram                                                                     |    <0.001 |
|                       rstblk                                                                                          |    <0.001 |
|           grxd.COMP_rx_len_fifo                                                                                       |    <0.001 |
|             FAMILY_SUPPORTED.I_SYNC_FIFO_BRAM                                                                         |    <0.001 |
|               inst_fifo_gen                                                                                           |    <0.001 |
|                 gconvfifo.rf                                                                                          |    <0.001 |
|                   grf.rf                                                                                              |    <0.001 |
|                     gntv_or_sync_fifo.gl0.rd                                                                          |    <0.001 |
|                       gr1.rfwft                                                                                       |    <0.001 |
|                       grss.rsts                                                                                       |    <0.001 |
|                       rpntr                                                                                           |    <0.001 |
|                     gntv_or_sync_fifo.gl0.wr                                                                          |    <0.001 |
|                       gwss.wsts                                                                                       |    <0.001 |
|                       wpntr                                                                                           |    <0.001 |
|                     gntv_or_sync_fifo.mem                                                                             |    <0.001 |
|                       gdm.dm                                                                                          |    <0.001 |
|                         RAM_reg_0_63_0_2                                                                              |    <0.001 |
|                         RAM_reg_0_63_12_14                                                                            |    <0.001 |
|                         RAM_reg_0_63_15_17                                                                            |    <0.001 |
|                         RAM_reg_0_63_18_20                                                                            |    <0.001 |
|                         RAM_reg_0_63_21_21                                                                            |    <0.001 |
|                         RAM_reg_0_63_3_5                                                                              |    <0.001 |
|                         RAM_reg_0_63_6_8                                                                              |    <0.001 |
|                         RAM_reg_0_63_9_11                                                                             |    <0.001 |
|                         RAM_reg_64_127_0_2                                                                            |    <0.001 |
|                         RAM_reg_64_127_12_14                                                                          |    <0.001 |
|                         RAM_reg_64_127_15_17                                                                          |    <0.001 |
|                         RAM_reg_64_127_18_20                                                                          |    <0.001 |
|                         RAM_reg_64_127_21_21                                                                          |    <0.001 |
|                         RAM_reg_64_127_3_5                                                                            |    <0.001 |
|                         RAM_reg_64_127_6_8                                                                            |    <0.001 |
|                         RAM_reg_64_127_9_11                                                                           |    <0.001 |
|         COMP_IPIF                                                                                                     |    <0.001 |
|           I_SLAVE_ATTACHMENT                                                                                          |    <0.001 |
|             I_DECODER                                                                                                 |    <0.001 |
|     processing_system7_0                                                                                              |     1.520 |
|       inst                                                                                                            |     1.520 |
|     processing_system7_0_axi_periph                                                                                   |     0.004 |
|       s00_couplers                                                                                                    |     0.003 |
|         auto_pc                                                                                                       |     0.003 |
|           inst                                                                                                        |     0.003 |
|             gen_axilite.gen_b2s_conv.axilite_b2s                                                                      |     0.003 |
|               RD.ar_channel_0                                                                                         |    <0.001 |
|                 ar_cmd_fsm_0                                                                                          |    <0.001 |
|                 cmd_translator_0                                                                                      |    <0.001 |
|                   incr_cmd_0                                                                                          |    <0.001 |
|                   wrap_cmd_0                                                                                          |    <0.001 |
|               RD.r_channel_0                                                                                          |     0.001 |
|                 rd_data_fifo_0                                                                                        |    <0.001 |
|                 transaction_fifo_0                                                                                    |    <0.001 |
|               SI_REG                                                                                                  |    <0.001 |
|                 ar_pipe                                                                                               |    <0.001 |
|                 aw_pipe                                                                                               |    <0.001 |
|                 b_pipe                                                                                                |    <0.001 |
|                 r_pipe                                                                                                |    <0.001 |
|               WR.aw_channel_0                                                                                         |    <0.001 |
|                 aw_cmd_fsm_0                                                                                          |    <0.001 |
|                 cmd_translator_0                                                                                      |    <0.001 |
|                   incr_cmd_0                                                                                          |    <0.001 |
|                   wrap_cmd_0                                                                                          |    <0.001 |
|               WR.b_channel_0                                                                                          |    <0.001 |
|                 bid_fifo_0                                                                                            |    <0.001 |
|                 bresp_fifo_0                                                                                          |    <0.001 |
|       xbar                                                                                                            |    <0.001 |
|         inst                                                                                                          |    <0.001 |
|           gen_sasd.crossbar_sasd_0                                                                                    |    <0.001 |
|             addr_arbiter_inst                                                                                         |    <0.001 |
|             gen_decerr.decerr_slave_inst                                                                              |    <0.001 |
|             reg_slice_r                                                                                               |    <0.001 |
|             splitter_ar                                                                                               |    <0.001 |
|             splitter_aw                                                                                               |    <0.001 |
|     raw_signal_0                                                                                                      |     0.002 |
|       U0                                                                                                              |     0.002 |
|         COMP_IPIC2AXI_S                                                                                               |     0.001 |
|           gtxd.COMP_TXD_FIFO                                                                                          |     0.001 |
|             gfifo_gen.COMP_AXIS_FG_FIFO                                                                               |     0.001 |
|               COMP_FIFO                                                                                               |     0.001 |
|                 inst_fifo_gen                                                                                         |     0.001 |
|                   gaxis_fifo.gaxisf.axisf                                                                             |    <0.001 |
|                     grf.rf                                                                                            |    <0.001 |
|                       gntv_or_sync_fifo.gl0.rd                                                                        |    <0.001 |
|                         gr1.rfwft                                                                                     |    <0.001 |
|                         grss.gpe.rdpe                                                                                 |    <0.001 |
|                         grss.rsts                                                                                     |    <0.001 |
|                           c1                                                                                          |     0.000 |
|                           c2                                                                                          |    <0.001 |
|                         rpntr                                                                                         |    <0.001 |
|                       gntv_or_sync_fifo.gl0.wr                                                                        |    <0.001 |
|                         gwss.gpf.wrpf                                                                                 |    <0.001 |
|                         gwss.wsts                                                                                     |    <0.001 |
|                           c0                                                                                          |     0.000 |
|                           c1                                                                                          |    <0.001 |
|                           gaf.c2                                                                                      |    <0.001 |
|                         wpntr                                                                                         |    <0.001 |
|                       gntv_or_sync_fifo.mem                                                                           |    <0.001 |
|                         gbm.gbmg.gbmga.ngecc.bmg                                                                      |    <0.001 |
|                           inst_blk_mem_gen                                                                            |    <0.001 |
|                             gnativebmg.native_blk_mem_gen                                                             |    <0.001 |
|                               valid.cstr                                                                              |    <0.001 |
|                                 ramloop[0].ram.r                                                                      |    <0.001 |
|                                   prim_noinit.ram                                                                     |    <0.001 |
|                       rstblk                                                                                          |    <0.001 |
|         COMP_IPIF                                                                                                     |    <0.001 |
|           I_SLAVE_ATTACHMENT                                                                                          |    <0.001 |
|             I_DECODER                                                                                                 |    <0.001 |
|     rst_processing_system7_0_100M                                                                                     |    <0.001 |
|       U0                                                                                                              |    <0.001 |
|         EXT_LPF                                                                                                       |    <0.001 |
|           ACTIVE_LOW_EXT.ACT_LO_EXT                                                                                   |    <0.001 |
|         SEQ                                                                                                           |    <0.001 |
|           SEQ_COUNTER                                                                                                 |    <0.001 |
+-----------------------------------------------------------------------------------------------------------------------+-----------+


